<?xml version="1.0" encoding="UTF-8"?>
<!-- Generated by org.testng.reporters.JUnitXMLReporter -->
<testsuite ignored="0" hostname="AKA" failures="0" tests="4" name="Default test" time="3.796" errors="0" timestamp="2023-05-25T10:00:32 CDT">
  <testcase classname="basics.HttpRequests" name="gerUsers" time="2.338"/>
  <testcase classname="basics.HttpRequests" name="createUsr" time="0.696"/>
  <testcase classname="basics.HttpRequests" name="updateUser" time="0.357"/>
  <testcase classname="basics.HttpRequests" name="deleteUser" time="0.356"/>
</testsuite> <!-- Default test -->
