<?xml version="1.0" encoding="UTF-8"?>
<testng-results ignored="0" total="4" passed="4" failed="0" skipped="0">
  <reporter-output>
  </reporter-output>
  <suite started-at="2023-05-25T10:00:28 CDT" name="Default suite" finished-at="2023-05-25T10:00:32 CDT" duration-ms="3796">
    <groups>
    </groups>
    <test started-at="2023-05-25T10:00:28 CDT" name="Default test" finished-at="2023-05-25T10:00:32 CDT" duration-ms="3796">
      <class name="basics.HttpRequests">
        <test-method signature="gerUsers()[pri:1, instance:basics.HttpRequests@4f6ee6e4]" started-at="2023-05-25T10:00:28 CDT" name="gerUsers" finished-at="2023-05-25T10:00:30 CDT" duration-ms="2338" status="PASS">
          <reporter-output>
          </reporter-output>
        </test-method> <!-- gerUsers -->
        <test-method signature="createUsr()[pri:2, instance:basics.HttpRequests@4f6ee6e4]" started-at="2023-05-25T10:00:30 CDT" name="createUsr" finished-at="2023-05-25T10:00:31 CDT" duration-ms="696" status="PASS">
          <reporter-output>
          </reporter-output>
        </test-method> <!-- createUsr -->
        <test-method signature="updateUser()[pri:3, instance:basics.HttpRequests@4f6ee6e4]" started-at="2023-05-25T10:00:31 CDT" name="updateUser" finished-at="2023-05-25T10:00:31 CDT" depends-on-methods="basics.HttpRequests.createUsr" duration-ms="357" status="PASS">
          <reporter-output>
          </reporter-output>
        </test-method> <!-- updateUser -->
        <test-method signature="deleteUser()[pri:4, instance:basics.HttpRequests@4f6ee6e4]" started-at="2023-05-25T10:00:31 CDT" name="deleteUser" finished-at="2023-05-25T10:00:32 CDT" duration-ms="356" status="PASS">
          <reporter-output>
          </reporter-output>
        </test-method> <!-- deleteUser -->
      </class> <!-- basics.HttpRequests -->
    </test> <!-- Default test -->
  </suite> <!-- Default suite -->
</testng-results>
